[0m[[0m[0mdebug[0m] [0m[0m> Exec(run, Some(4caa3a8f-4c4d-438f-8e4b-bf42e72aa3a0), Some(CommandSource(console0)))[0m
[0m[[0m[0mdebug[0m] [0m[0mEvaluating tasks: Compile / run[0m
[0m[[0m[0mdebug[0m] [0m[0mRunning task... Cancel: Signal, check cycles: false, forcegc: true[0m
[0m[[0m[0minfo[0m] [0m[0mcompiling 1 Scala source to /home/surzh/learning_scala/parse_zip/target/scala-2.13/classes ...[0m
[0m[[0m[33mwarn[0m] [0m[0m2 deprecations (since 2.13.0)[0m
[0m[[0m[33mwarn[0m] [0m[0m1 deprecation (since 2.13.3)[0m
[0m[[0m[33mwarn[0m] [0m[0m3 deprecations in total; re-run with -deprecation for details[0m
[0m[[0m[33mwarn[0m] [0m[0mthree warnings found[0m
[0m[[0m[31merror[0m] [0m[0morg.apache.spark.sql.AnalysisException: [PATH_NOT_FOUND] Path does not exist: file:/home/surzh/learning_scala/parse_zip/unzip_gar/version.[0m
[0m[[0m[31merror[0m] [0m[0m	at org.apache.spark.sql.errors.QueryCompilationErrors$.dataPathNotExistError(QueryCompilationErrors.scala:1500)[0m
[0m[[0m[31merror[0m] [0m[0m	at org.apache.spark.sql.execution.datasources.DataSource$.$anonfun$checkAndGlobPathIfNecessary$4(DataSource.scala:757)[0m
[0m[[0m[31merror[0m] [0m[0m	at org.apache.spark.sql.execution.datasources.DataSource$.$anonfun$checkAndGlobPathIfNecessary$4$adapted(DataSource.scala:754)[0m
[0m[[0m[31merror[0m] [0m[0m	at org.apache.spark.util.ThreadUtils$.$anonfun$parmap$2(ThreadUtils.scala:384)[0m
[0m[[0m[31merror[0m] [0m[0m	at scala.concurrent.Future$.$anonfun$apply$1(Future.scala:687)[0m
[0m[[0m[31merror[0m] [0m[0m	at scala.concurrent.impl.Promise$Transformation.run(Promise.scala:467)[0m
[0m[[0m[31merror[0m] [0m[0m	at java.base/java.util.concurrent.ForkJoinTask$RunnableExecuteAction.exec(ForkJoinTask.java:1426)[0m
[0m[[0m[31merror[0m] [0m[0m	at java.base/java.util.concurrent.ForkJoinTask.doExec(ForkJoinTask.java:290)[0m
[0m[[0m[31merror[0m] [0m[0m	at java.base/java.util.concurrent.ForkJoinPool$WorkQueue.topLevelExec(ForkJoinPool.java:1020)[0m
[0m[[0m[31merror[0m] [0m[0m	at java.base/java.util.concurrent.ForkJoinPool.scan(ForkJoinPool.java:1656)[0m
[0m[[0m[31merror[0m] [0m[0m	at java.base/java.util.concurrent.ForkJoinPool.runWorker(ForkJoinPool.java:1594)[0m
[0m[[0m[31merror[0m] [0m[0m	at java.base/java.util.concurrent.ForkJoinWorkerThread.run(ForkJoinWorkerThread.java:183)[0m
[0m[[0m[31merror[0m] [0m[0m(Compile / [31mrun[0m) org.apache.spark.sql.AnalysisException: [PATH_NOT_FOUND] Path does not exist: file:/home/surzh/learning_scala/parse_zip/unzip_gar/version.[0m
[0m[[0m[31merror[0m] [0m[0mTotal time: 16 s, completed Jun 11, 2024, 3:51:24 PM[0m
[0m[[0m[0mdebug[0m] [0m[0m> Exec(shell, None, None)[0m
