2024.06.12 02:55:57 INFO  Started: Metals version 1.3.1 in folders '/home/surzh/airflow_pipeline' for client Visual Studio Code 1.90.0.[0m
SLF4J(W): Class path contains multiple SLF4J providers.
SLF4J(W): Found provider [scribe.slf4j.ScribeServiceProvider@ddd2d2d]
SLF4J(W): Found provider [ch.qos.logback.classic.spi.LogbackServiceProvider@37f8c12a]
SLF4J(W): See https://www.slf4j.org/codes.html#multiple_bindings for an explanation.
SLF4J(I): Actual provider is of type [scribe.slf4j.ScribeServiceProvider@ddd2d2d]
2024.06.12 02:55:57 WARN  Flyway upgrade recommended: H2 2.2.224 is newer than this version of Flyway and support has not been tested. The latest supported version of H2 is 2.2.220.[0m
2024.06.12 02:55:59 INFO  Attempting to connect to the build server...[0m
2024.06.12 02:56:00 INFO  no build target found for /home/surzh/airflow_pipeline/parse_zip/src/main/scala/Main.scala. Using presentation compiler with project's scala-library version: 3.3.3[0m
2024.06.12 02:56:05 INFO  tracing is disabled for protocol BSP, to enable tracing of incoming and outgoing JSON messages create an empty file at /home/surzh/airflow_pipeline/.metals/bsp.trace.json or /home/surzh/.cache/metals/bsp.trace.json[0m
2024.06.12 02:56:05 INFO  time: Connected to build server in 6.88s[0m
2024.06.12 02:56:05 INFO  Connected to Build server: Bloop v1.5.17[0m
2024.06.12 02:56:06 INFO  time: Imported build in 0.24s[0m
2024.06.12 02:56:09 INFO  time: indexed workspace in 2.96s[0m
2024.06.12 02:56:09 WARN  no build target for: /home/surzh/airflow_pipeline/parse_zip/src/main/scala/Main.scala[0m
2024.06.12 02:56:09 INFO  no build target found for /home/surzh/airflow_pipeline/parse_zip/src/main/scala/Main.scala. Using presentation compiler with project's scala-library version: 3.3.3[0m
2024.06.12 02:56:09 INFO  no build target found for /home/surzh/airflow_pipeline/parse_zip/src/main/scala/Main.scala. Using presentation compiler with project's scala-library version: 3.3.3[0m
2024.06.12 02:56:11 INFO  time: code lens generation in 2.43s[0m
2024.06.12 02:56:11 INFO  time: code lens generation in 2.17s[0m
2024.06.12 02:56:20 INFO  no build target found for /home/surzh/airflow_pipeline/parse_zip/src/main/scala/Main.scala. Using presentation compiler with project's scala-library version: 3.3.3[0m
2024.06.12 02:56:50 INFO  no build target found for /home/surzh/airflow_pipeline/parse_zip/src/main/scala/Main.scala. Using presentation compiler with project's scala-library version: 3.3.3[0m
2024.06.12 02:56:51 INFO  no build target found for /home/surzh/airflow_pipeline/parse_zip/src/main/scala/Main.scala. Using presentation compiler with project's scala-library version: 3.3.3[0m
2024.06.12 02:56:59 INFO  no build target found for /home/surzh/airflow_pipeline/parse_zip/src/main/scala/Main.scala. Using presentation compiler with project's scala-library version: 3.3.3[0m
2024.06.12 02:57:00 INFO  no build target found for /home/surzh/airflow_pipeline/parse_zip/src/main/scala/Main.scala. Using presentation compiler with project's scala-library version: 3.3.3[0m
2024.06.12 02:57:00 INFO  no build target found for /home/surzh/airflow_pipeline/parse_zip/src/main/scala/Main.scala. Using presentation compiler with project's scala-library version: 3.3.3[0m
2024.06.12 02:57:00 INFO  no build target found for /home/surzh/airflow_pipeline/parse_zip/src/main/scala/Main.scala. Using presentation compiler with project's scala-library version: 3.3.3[0m
Jun 12, 2024 2:57:01 AM org.eclipse.lsp4j.jsonrpc.RemoteEndpoint handleCancellation
WARNING: Unmatched cancel notification for request id 22
2024.06.12 02:57:00 INFO  no build target found for /home/surzh/airflow_pipeline/parse_zip/src/main/scala/Main.scala. Using presentation compiler with project's scala-library version: 3.3.3[0m
2024.06.12 02:57:00 INFO  no build target found for /home/surzh/airflow_pipeline/parse_zip/src/main/scala/Main.scala. Using presentation compiler with project's scala-library version: 3.3.3[0m
2024.06.12 02:57:00 INFO  no build target found for /home/surzh/airflow_pipeline/parse_zip/src/main/scala/Main.scala. Using presentation compiler with project's scala-library version: 3.3.3[0m
2024.06.12 02:57:00 INFO  no build target found for /home/surzh/airflow_pipeline/parse_zip/src/main/scala/Main.scala. Using presentation compiler with project's scala-library version: 3.3.3[0m
2024.06.12 02:57:06 INFO  no build target found for /home/surzh/airflow_pipeline/parse_zip/src/main/scala/Main.scala. Using presentation compiler with project's scala-library version: 3.3.3[0m
2024.06.12 02:57:07 INFO  no build target found for /home/surzh/airflow_pipeline/parse_zip/src/main/scala/Main.scala. Using presentation compiler with project's scala-library version: 3.3.3[0m
2024.06.12 02:57:09 INFO  no build target found for /home/surzh/airflow_pipeline/parse_zip/src/main/scala/Main.scala. Using presentation compiler with project's scala-library version: 3.3.3[0m
2024.06.12 02:57:09 INFO  no build target found for /home/surzh/airflow_pipeline/parse_zip/src/main/scala/Main.scala. Using presentation compiler with project's scala-library version: 3.3.3[0m
2024.06.12 02:57:11 INFO  no build target found for /home/surzh/airflow_pipeline/parse_zip/src/main/scala/Main.scala. Using presentation compiler with project's scala-library version: 3.3.3[0m
2024.06.12 02:57:17 INFO  no build target found for /home/surzh/airflow_pipeline/parse_zip/src/main/scala/Main.scala. Using presentation compiler with project's scala-library version: 3.3.3[0m
2024.06.12 02:58:19 INFO  no build target found for /home/surzh/airflow_pipeline/parse_zip/src/main/scala/Main.scala. Using presentation compiler with project's scala-library version: 3.3.3[0m
2024.06.12 02:58:21 INFO  no build target found for /home/surzh/airflow_pipeline/parse_zip/src/main/scala/Main.scala. Using presentation compiler with project's scala-library version: 3.3.3[0m
2024.06.12 02:58:34 INFO  no build target found for /home/surzh/airflow_pipeline/parse_zip/src/main/scala/Main.scala. Using presentation compiler with project's scala-library version: 3.3.3[0m
2024.06.12 02:58:50 INFO  no build target found for /home/surzh/airflow_pipeline/parse_zip/src/main/scala/Main.scala. Using presentation compiler with project's scala-library version: 3.3.3[0m
2024.06.12 02:58:53 INFO  no build target found for /home/surzh/airflow_pipeline/parse_zip/src/main/scala/Main.scala. Using presentation compiler with project's scala-library version: 3.3.3[0m
2024.06.12 03:04:08 INFO  no build target found for /home/surzh/airflow_pipeline/parse_zip/src/main/scala/Main.scala. Using presentation compiler with project's scala-library version: 3.3.3[0m
2024.06.12 03:04:08 INFO  no build target found for /home/surzh/airflow_pipeline/parse_zip/src/main/scala/Main.scala. Using presentation compiler with project's scala-library version: 3.3.3[0m
2024.06.12 03:04:10 INFO  no build target found for /home/surzh/airflow_pipeline/parse_zip/src/main/scala/Main.scala. Using presentation compiler with project's scala-library version: 3.3.3[0m
2024.06.12 03:04:11 INFO  no build target found for /home/surzh/airflow_pipeline/parse_zip/src/main/scala/Main.scala. Using presentation compiler with project's scala-library version: 3.3.3[0m
2024.06.12 03:04:15 INFO  no build target found for /home/surzh/airflow_pipeline/parse_zip/src/main/scala/Main.scala. Using presentation compiler with project's scala-library version: 3.3.3[0m
2024.06.12 03:04:20 INFO  no build target found for /home/surzh/airflow_pipeline/parse_zip/src/main/scala/Main.scala. Using presentation compiler with project's scala-library version: 3.3.3[0m
2024.06.12 03:04:22 INFO  no build target found for /home/surzh/airflow_pipeline/parse_zip/src/main/scala/Main.scala. Using presentation compiler with project's scala-library version: 3.3.3[0m
2024.06.12 03:04:22 INFO  no build target found for /home/surzh/airflow_pipeline/parse_zip/src/main/scala/Main.scala. Using presentation compiler with project's scala-library version: 3.3.3[0m
2024.06.12 03:04:22 INFO  no build target found for /home/surzh/airflow_pipeline/parse_zip/src/main/scala/Main.scala. Using presentation compiler with project's scala-library version: 3.3.3[0m
2024.06.12 03:04:23 INFO  no build target found for /home/surzh/airflow_pipeline/parse_zip/src/main/scala/Main.scala. Using presentation compiler with project's scala-library version: 3.3.3[0m
2024.06.12 03:04:23 INFO  no build target found for /home/surzh/airflow_pipeline/parse_zip/src/main/scala/Main.scala. Using presentation compiler with project's scala-library version: 3.3.3[0m
2024.06.12 03:04:23 INFO  no build target found for /home/surzh/airflow_pipeline/parse_zip/src/main/scala/Main.scala. Using presentation compiler with project's scala-library version: 3.3.3[0m
2024.06.12 03:04:24 INFO  no build target found for /home/surzh/airflow_pipeline/parse_zip/src/main/scala/Main.scala. Using presentation compiler with project's scala-library version: 3.3.3[0m
2024.06.12 03:04:25 INFO  no build target found for /home/surzh/airflow_pipeline/parse_zip/src/main/scala/Main.scala. Using presentation compiler with project's scala-library version: 3.3.3[0m
2024.06.12 03:04:26 INFO  no build target found for /home/surzh/airflow_pipeline/parse_zip/src/main/scala/Main.scala. Using presentation compiler with project's scala-library version: 3.3.3[0m
2024.06.12 03:04:26 INFO  no build target found for /home/surzh/airflow_pipeline/parse_zip/src/main/scala/Main.scala. Using presentation compiler with project's scala-library version: 3.3.3[0m
2024.06.12 03:04:26 INFO  no build target found for /home/surzh/airflow_pipeline/parse_zip/src/main/scala/Main.scala. Using presentation compiler with project's scala-library version: 3.3.3[0m
2024.06.12 03:04:26 INFO  no build target found for /home/surzh/airflow_pipeline/parse_zip/src/main/scala/Main.scala. Using presentation compiler with project's scala-library version: 3.3.3[0m
2024.06.12 03:04:27 INFO  no build target found for /home/surzh/airflow_pipeline/parse_zip/src/main/scala/Main.scala. Using presentation compiler with project's scala-library version: 3.3.3[0m
2024.06.12 03:04:27 INFO  no build target found for /home/surzh/airflow_pipeline/parse_zip/src/main/scala/Main.scala. Using presentation compiler with project's scala-library version: 3.3.3[0m
2024.06.12 03:04:27 INFO  no build target found for /home/surzh/airflow_pipeline/parse_zip/src/main/scala/Main.scala. Using presentation compiler with project's scala-library version: 3.3.3[0m
2024.06.12 03:04:30 INFO  no build target found for /home/surzh/airflow_pipeline/parse_zip/src/main/scala/Main.scala. Using presentation compiler with project's scala-library version: 3.3.3[0m
2024.06.12 03:04:30 INFO  no build target found for /home/surzh/airflow_pipeline/parse_zip/src/main/scala/Main.scala. Using presentation compiler with project's scala-library version: 3.3.3[0m
2024.06.12 03:04:31 WARN  no build target for: /home/surzh/airflow_pipeline/parse_zip/src/main/scala/Main.scala[0m
2024.06.12 03:04:31 INFO  no build target found for /home/surzh/airflow_pipeline/parse_zip/src/main/scala/Main.scala. Using presentation compiler with project's scala-library version: 3.3.3[0m
2024.06.12 03:04:30 INFO  no build target found for /home/surzh/airflow_pipeline/parse_zip/src/main/scala/Main.scala. Using presentation compiler with project's scala-library version: 3.3.3[0m
2024.06.12 03:04:31 INFO  no build target found for /home/surzh/airflow_pipeline/parse_zip/src/main/scala/Main.scala. Using presentation compiler with project's scala-library version: 3.3.3[0m
2024.06.12 03:04:34 INFO  no build target found for /home/surzh/airflow_pipeline/parse_zip/src/main/scala/Main.scala. Using presentation compiler with project's scala-library version: 3.3.3[0m
2024.06.12 03:04:34 INFO  no build target found for /home/surzh/airflow_pipeline/parse_zip/src/main/scala/Main.scala. Using presentation compiler with project's scala-library version: 3.3.3[0m
2024.06.12 03:04:34 INFO  no build target found for /home/surzh/airflow_pipeline/parse_zip/src/main/scala/Main.scala. Using presentation compiler with project's scala-library version: 3.3.3[0m
2024.06.12 03:04:34 INFO  no build target found for /home/surzh/airflow_pipeline/parse_zip/src/main/scala/Main.scala. Using presentation compiler with project's scala-library version: 3.3.3[0m
2024.06.12 03:04:34 INFO  no build target found for /home/surzh/airflow_pipeline/parse_zip/src/main/scala/Main.scala. Using presentation compiler with project's scala-library version: 3.3.3[0m
2024.06.12 03:04:35 INFO  no build target found for /home/surzh/airflow_pipeline/parse_zip/src/main/scala/Main.scala. Using presentation compiler with project's scala-library version: 3.3.3[0m
2024.06.12 03:04:35 INFO  no build target found for /home/surzh/airflow_pipeline/parse_zip/src/main/scala/Main.scala. Using presentation compiler with project's scala-library version: 3.3.3[0m
Jun 12, 2024 3:04:35 AM org.eclipse.lsp4j.jsonrpc.RemoteEndpoint handleCancellation
WARNING: Unmatched cancel notification for request id 121
2024.06.12 03:04:34 INFO  no build target found for /home/surzh/airflow_pipeline/parse_zip/src/main/scala/Main.scala. Using presentation compiler with project's scala-library version: 3.3.3[0m
2024.06.12 03:04:35 INFO  no build target found for /home/surzh/airflow_pipeline/parse_zip/src/main/scala/Main.scala. Using presentation compiler with project's scala-library version: 3.3.3[0m
2024.06.12 03:04:34 INFO  no build target found for /home/surzh/airflow_pipeline/parse_zip/src/main/scala/Main.scala. Using presentation compiler with project's scala-library version: 3.3.3[0m
2024.06.12 03:04:36 INFO  no build target found for /home/surzh/airflow_pipeline/parse_zip/src/main/scala/Main.scala. Using presentation compiler with project's scala-library version: 3.3.3[0m
2024.06.12 03:04:36 INFO  no build target found for /home/surzh/airflow_pipeline/parse_zip/src/main/scala/Main.scala. Using presentation compiler with project's scala-library version: 3.3.3[0m
2024.06.12 03:04:36 INFO  no build target found for /home/surzh/airflow_pipeline/parse_zip/src/main/scala/Main.scala. Using presentation compiler with project's scala-library version: 3.3.3[0m
2024.06.12 03:04:36 INFO  no build target found for /home/surzh/airflow_pipeline/parse_zip/src/main/scala/Main.scala. Using presentation compiler with project's scala-library version: 3.3.3[0m
2024.06.12 03:04:36 INFO  no build target found for /home/surzh/airflow_pipeline/parse_zip/src/main/scala/Main.scala. Using presentation compiler with project's scala-library version: 3.3.3[0m
2024.06.12 03:04:36 INFO  no build target found for /home/surzh/airflow_pipeline/parse_zip/src/main/scala/Main.scala. Using presentation compiler with project's scala-library version: 3.3.3[0m
2024.06.12 03:04:36 INFO  no build target found for /home/surzh/airflow_pipeline/parse_zip/src/main/scala/Main.scala. Using presentation compiler with project's scala-library version: 3.3.3[0m
2024.06.12 03:04:36 INFO  no build target found for /home/surzh/airflow_pipeline/parse_zip/src/main/scala/Main.scala. Using presentation compiler with project's scala-library version: 3.3.3[0m
2024.06.12 03:04:36 INFO  no build target found for /home/surzh/airflow_pipeline/parse_zip/src/main/scala/Main.scala. Using presentation compiler with project's scala-library version: 3.3.3[0m
2024.06.12 03:04:36 INFO  no build target found for /home/surzh/airflow_pipeline/parse_zip/src/main/scala/Main.scala. Using presentation compiler with project's scala-library version: 3.3.3[0m
2024.06.12 03:04:36 INFO  no build target found for /home/surzh/airflow_pipeline/parse_zip/src/main/scala/Main.scala. Using presentation compiler with project's scala-library version: 3.3.3[0m
2024.06.12 03:04:37 INFO  no build target found for /home/surzh/airflow_pipeline/parse_zip/src/main/scala/Main.scala. Using presentation compiler with project's scala-library version: 3.3.3[0m
2024.06.12 03:04:37 INFO  no build target found for /home/surzh/airflow_pipeline/parse_zip/src/main/scala/Main.scala. Using presentation compiler with project's scala-library version: 3.3.3[0m
2024.06.12 03:04:36 INFO  no build target found for /home/surzh/airflow_pipeline/parse_zip/src/main/scala/Main.scala. Using presentation compiler with project's scala-library version: 3.3.3[0m
2024.06.12 03:04:38 INFO  no build target found for /home/surzh/airflow_pipeline/parse_zip/src/main/scala/Main.scala. Using presentation compiler with project's scala-library version: 3.3.3[0m
2024.06.12 03:04:38 INFO  no build target found for /home/surzh/airflow_pipeline/parse_zip/src/main/scala/Main.scala. Using presentation compiler with project's scala-library version: 3.3.3[0m
2024.06.12 03:04:38 INFO  no build target found for /home/surzh/airflow_pipeline/parse_zip/src/main/scala/Main.scala. Using presentation compiler with project's scala-library version: 3.3.3[0m
2024.06.12 03:04:38 INFO  no build target found for /home/surzh/airflow_pipeline/parse_zip/src/main/scala/Main.scala. Using presentation compiler with project's scala-library version: 3.3.3[0m
2024.06.12 03:04:38 INFO  no build target found for /home/surzh/airflow_pipeline/parse_zip/src/main/scala/Main.scala. Using presentation compiler with project's scala-library version: 3.3.3[0m
2024.06.12 03:04:38 INFO  no build target found for /home/surzh/airflow_pipeline/parse_zip/src/main/scala/Main.scala. Using presentation compiler with project's scala-library version: 3.3.3[0m
2024.06.12 03:04:39 INFO  no build target found for /home/surzh/airflow_pipeline/parse_zip/src/main/scala/Main.scala. Using presentation compiler with project's scala-library version: 3.3.3[0m
2024.06.12 03:04:39 INFO  no build target found for /home/surzh/airflow_pipeline/parse_zip/src/main/scala/Main.scala. Using presentation compiler with project's scala-library version: 3.3.3[0m
2024.06.12 03:04:39 INFO  no build target found for /home/surzh/airflow_pipeline/parse_zip/src/main/scala/Main.scala. Using presentation compiler with project's scala-library version: 3.3.3[0m
2024.06.12 03:04:39 INFO  no build target found for /home/surzh/airflow_pipeline/parse_zip/src/main/scala/Main.scala. Using presentation compiler with project's scala-library version: 3.3.3[0m
Jun 12, 2024 3:04:39 AM org.eclipse.lsp4j.jsonrpc.RemoteEndpoint handleCancellation
WARNING: Unmatched cancel notification for request id 163
2024.06.12 03:04:39 INFO  no build target found for /home/surzh/airflow_pipeline/parse_zip/src/main/scala/Main.scala. Using presentation compiler with project's scala-library version: 3.3.3[0m
2024.06.12 03:04:39 INFO  no build target found for /home/surzh/airflow_pipeline/parse_zip/src/main/scala/Main.scala. Using presentation compiler with project's scala-library version: 3.3.3[0m
2024.06.12 03:04:39 INFO  no build target found for /home/surzh/airflow_pipeline/parse_zip/src/main/scala/Main.scala. Using presentation compiler with project's scala-library version: 3.3.3[0m
2024.06.12 03:04:40 INFO  no build target found for /home/surzh/airflow_pipeline/parse_zip/src/main/scala/Main.scala. Using presentation compiler with project's scala-library version: 3.3.3[0m
2024.06.12 03:04:41 INFO  no build target found for /home/surzh/airflow_pipeline/parse_zip/src/main/scala/Main.scala. Using presentation compiler with project's scala-library version: 3.3.3[0m
2024.06.12 03:04:41 INFO  no build target found for /home/surzh/airflow_pipeline/parse_zip/src/main/scala/Main.scala. Using presentation compiler with project's scala-library version: 3.3.3[0m
2024.06.12 03:04:42 INFO  no build target found for /home/surzh/airflow_pipeline/parse_zip/src/main/scala/Main.scala. Using presentation compiler with project's scala-library version: 3.3.3[0m
2024.06.12 03:04:42 INFO  no build target found for /home/surzh/airflow_pipeline/parse_zip/src/main/scala/Main.scala. Using presentation compiler with project's scala-library version: 3.3.3[0m
2024.06.12 03:04:42 WARN  no build target for: /home/surzh/airflow_pipeline/parse_zip/src/main/scala/Main.scala[0m
2024.06.12 03:04:42 INFO  no build target found for /home/surzh/airflow_pipeline/parse_zip/src/main/scala/Main.scala. Using presentation compiler with project's scala-library version: 3.3.3[0m
2024.06.12 03:04:43 INFO  no build target found for /home/surzh/airflow_pipeline/parse_zip/src/main/scala/Main.scala. Using presentation compiler with project's scala-library version: 3.3.3[0m
2024.06.12 03:04:45 INFO  no build target found for /home/surzh/airflow_pipeline/parse_zip/src/main/scala/Main.scala. Using presentation compiler with project's scala-library version: 3.3.3[0m
2024.06.12 03:04:45 INFO  no build target found for /home/surzh/airflow_pipeline/parse_zip/src/main/scala/Main.scala. Using presentation compiler with project's scala-library version: 3.3.3[0m
2024.06.12 03:04:45 INFO  no build target found for /home/surzh/airflow_pipeline/parse_zip/src/main/scala/Main.scala. Using presentation compiler with project's scala-library version: 3.3.3[0m
2024.06.12 03:04:47 INFO  no build target found for /home/surzh/airflow_pipeline/parse_zip/src/main/scala/Main.scala. Using presentation compiler with project's scala-library version: 3.3.3[0m
2024.06.12 03:04:48 INFO  no build target found for /home/surzh/airflow_pipeline/parse_zip/src/main/scala/Main.scala. Using presentation compiler with project's scala-library version: 3.3.3[0m
2024.06.12 03:04:48 INFO  no build target found for /home/surzh/airflow_pipeline/parse_zip/src/main/scala/Main.scala. Using presentation compiler with project's scala-library version: 3.3.3[0m
2024.06.12 03:04:49 INFO  no build target found for /home/surzh/airflow_pipeline/parse_zip/src/main/scala/Main.scala. Using presentation compiler with project's scala-library version: 3.3.3[0m
2024.06.12 03:04:50 INFO  no build target found for /home/surzh/airflow_pipeline/parse_zip/src/main/scala/Main.scala. Using presentation compiler with project's scala-library version: 3.3.3[0m
2024.06.12 03:04:50 INFO  no build target found for /home/surzh/airflow_pipeline/parse_zip/src/main/scala/Main.scala. Using presentation compiler with project's scala-library version: 3.3.3[0m
2024.06.12 03:04:51 INFO  no build target found for /home/surzh/airflow_pipeline/parse_zip/src/main/scala/Main.scala. Using presentation compiler with project's scala-library version: 3.3.3[0m
2024.06.12 03:04:51 INFO  no build target found for /home/surzh/airflow_pipeline/parse_zip/src/main/scala/Main.scala. Using presentation compiler with project's scala-library version: 3.3.3[0m
2024.06.12 03:04:52 INFO  no build target found for /home/surzh/airflow_pipeline/parse_zip/src/main/scala/Main.scala. Using presentation compiler with project's scala-library version: 3.3.3[0m
2024.06.12 03:04:51 INFO  no build target found for /home/surzh/airflow_pipeline/parse_zip/src/main/scala/Main.scala. Using presentation compiler with project's scala-library version: 3.3.3[0m
2024.06.12 03:04:52 INFO  no build target found for /home/surzh/airflow_pipeline/parse_zip/src/main/scala/Main.scala. Using presentation compiler with project's scala-library version: 3.3.3[0m
2024.06.12 03:04:52 INFO  no build target found for /home/surzh/airflow_pipeline/parse_zip/src/main/scala/Main.scala. Using presentation compiler with project's scala-library version: 3.3.3[0m
2024.06.12 03:04:52 INFO  no build target found for /home/surzh/airflow_pipeline/parse_zip/src/main/scala/Main.scala. Using presentation compiler with project's scala-library version: 3.3.3[0m
2024.06.12 03:04:52 INFO  no build target found for /home/surzh/airflow_pipeline/parse_zip/src/main/scala/Main.scala. Using presentation compiler with project's scala-library version: 3.3.3[0m
2024.06.12 03:04:53 INFO  no build target found for /home/surzh/airflow_pipeline/parse_zip/src/main/scala/Main.scala. Using presentation compiler with project's scala-library version: 3.3.3[0m
2024.06.12 03:04:53 INFO  no build target found for /home/surzh/airflow_pipeline/parse_zip/src/main/scala/Main.scala. Using presentation compiler with project's scala-library version: 3.3.3[0m
2024.06.12 03:04:53 INFO  no build target found for /home/surzh/airflow_pipeline/parse_zip/src/main/scala/Main.scala. Using presentation compiler with project's scala-library version: 3.3.3[0m
2024.06.12 03:04:53 INFO  no build target found for /home/surzh/airflow_pipeline/parse_zip/src/main/scala/Main.scala. Using presentation compiler with project's scala-library version: 3.3.3[0m
2024.06.12 03:04:53 INFO  no build target found for /home/surzh/airflow_pipeline/parse_zip/src/main/scala/Main.scala. Using presentation compiler with project's scala-library version: 3.3.3[0m
2024.06.12 03:04:53 INFO  no build target found for /home/surzh/airflow_pipeline/parse_zip/src/main/scala/Main.scala. Using presentation compiler with project's scala-library version: 3.3.3[0m
2024.06.12 03:04:54 INFO  no build target found for /home/surzh/airflow_pipeline/parse_zip/src/main/scala/Main.scala. Using presentation compiler with project's scala-library version: 3.3.3[0m
2024.06.12 03:04:54 INFO  no build target found for /home/surzh/airflow_pipeline/parse_zip/src/main/scala/Main.scala. Using presentation compiler with project's scala-library version: 3.3.3[0m
2024.06.12 03:04:54 INFO  no build target found for /home/surzh/airflow_pipeline/parse_zip/src/main/scala/Main.scala. Using presentation compiler with project's scala-library version: 3.3.3[0m
2024.06.12 03:04:54 INFO  no build target found for /home/surzh/airflow_pipeline/parse_zip/src/main/scala/Main.scala. Using presentation compiler with project's scala-library version: 3.3.3[0m
2024.06.12 03:04:57 INFO  no build target found for /home/surzh/airflow_pipeline/parse_zip/src/main/scala/Main.scala. Using presentation compiler with project's scala-library version: 3.3.3[0m
2024.06.12 03:04:57 INFO  no build target found for /home/surzh/airflow_pipeline/parse_zip/src/main/scala/Main.scala. Using presentation compiler with project's scala-library version: 3.3.3[0m
2024.06.12 03:04:58 INFO  no build target found for /home/surzh/airflow_pipeline/parse_zip/src/main/scala/Main.scala. Using presentation compiler with project's scala-library version: 3.3.3[0m
2024.06.12 03:05:00 INFO  no build target found for /home/surzh/airflow_pipeline/parse_zip/src/main/scala/Main.scala. Using presentation compiler with project's scala-library version: 3.3.3[0m
2024.06.12 03:05:00 WARN  no build target for: /home/surzh/airflow_pipeline/parse_zip/src/main/scala/Main.scala[0m
2024.06.12 03:05:00 INFO  no build target found for /home/surzh/airflow_pipeline/parse_zip/src/main/scala/Main.scala. Using presentation compiler with project's scala-library version: 3.3.3[0m
2024.06.12 03:05:08 INFO  no build target found for /home/surzh/airflow_pipeline/parse_zip/src/main/scala/Main.scala. Using presentation compiler with project's scala-library version: 3.3.3[0m
2024.06.12 03:05:08 INFO  no build target found for /home/surzh/airflow_pipeline/parse_zip/src/main/scala/Main.scala. Using presentation compiler with project's scala-library version: 3.3.3[0m
2024.06.12 03:05:08 INFO  no build target found for /home/surzh/airflow_pipeline/parse_zip/src/main/scala/Main.scala. Using presentation compiler with project's scala-library version: 3.3.3[0m
2024.06.12 03:05:08 INFO  no build target found for /home/surzh/airflow_pipeline/parse_zip/src/main/scala/Main.scala. Using presentation compiler with project's scala-library version: 3.3.3[0m
2024.06.12 03:05:10 INFO  no build target found for /home/surzh/airflow_pipeline/parse_zip/src/main/scala/Main.scala. Using presentation compiler with project's scala-library version: 3.3.3[0m
2024.06.12 03:05:10 INFO  no build target found for /home/surzh/airflow_pipeline/parse_zip/src/main/scala/Main.scala. Using presentation compiler with project's scala-library version: 3.3.3[0m
2024.06.12 03:05:10 INFO  no build target found for /home/surzh/airflow_pipeline/parse_zip/src/main/scala/Main.scala. Using presentation compiler with project's scala-library version: 3.3.3[0m
2024.06.12 03:05:12 INFO  no build target found for /home/surzh/airflow_pipeline/parse_zip/src/main/scala/Main.scala. Using presentation compiler with project's scala-library version: 3.3.3[0m
2024.06.12 03:05:12 INFO  no build target found for /home/surzh/airflow_pipeline/parse_zip/src/main/scala/Main.scala. Using presentation compiler with project's scala-library version: 3.3.3[0m
2024.06.12 03:05:14 INFO  no build target found for /home/surzh/airflow_pipeline/parse_zip/src/main/scala/Main.scala. Using presentation compiler with project's scala-library version: 3.3.3[0m
2024.06.12 03:05:14 INFO  no build target found for /home/surzh/airflow_pipeline/parse_zip/src/main/scala/Main.scala. Using presentation compiler with project's scala-library version: 3.3.3[0m
2024.06.12 03:05:14 INFO  no build target found for /home/surzh/airflow_pipeline/parse_zip/src/main/scala/Main.scala. Using presentation compiler with project's scala-library version: 3.3.3[0m
2024.06.12 03:05:21 WARN  no build target for: /home/surzh/airflow_pipeline/parse_zip/src/main/scala/Main.scala[0m
2024.06.12 03:05:25 INFO  no build target found for /home/surzh/airflow_pipeline/parse_zip/src/main/scala/Main.scala. Using presentation compiler with project's scala-library version: 3.3.3[0m
Jun 12, 2024 3:07:56 AM org.eclipse.lsp4j.jsonrpc.RemoteEndpoint handleCancellation
WARNING: Unmatched cancel notification for request id 291
Jun 12, 2024 3:07:56 AM org.eclipse.lsp4j.jsonrpc.RemoteEndpoint handleCancellation
WARNING: Unmatched cancel notification for request id 293
Jun 12, 2024 3:07:56 AM org.eclipse.lsp4j.jsonrpc.RemoteEndpoint handleCancellation
WARNING: Unmatched cancel notification for request id 294
Jun 12, 2024 3:07:56 AM org.eclipse.lsp4j.jsonrpc.RemoteEndpoint handleCancellation
WARNING: Unmatched cancel notification for request id 295
Jun 12, 2024 3:07:56 AM org.eclipse.lsp4j.jsonrpc.RemoteEndpoint handleCancellation
WARNING: Unmatched cancel notification for request id 296
2024.06.12 03:07:59 INFO  no build target found for /home/surzh/airflow_pipeline/parse_zip/src/main/scala/Main.scala. Using presentation compiler with project's scala-library version: 3.3.3[0m
2024.06.12 03:08:03 INFO  no build target found for /home/surzh/airflow_pipeline/parse_zip/src/main/scala/Main.scala. Using presentation compiler with project's scala-library version: 3.3.3[0m
2024.06.12 03:08:06 INFO  no build target found for /home/surzh/airflow_pipeline/parse_zip/src/main/scala/Main.scala. Using presentation compiler with project's scala-library version: 3.3.3[0m
2024.06.12 03:08:15 INFO  no build target found for /home/surzh/airflow_pipeline/parse_zip/src/main/scala/Main.scala. Using presentation compiler with project's scala-library version: 3.3.3[0m
2024.06.12 03:08:15 INFO  no build target found for /home/surzh/airflow_pipeline/parse_zip/src/main/scala/Main.scala. Using presentation compiler with project's scala-library version: 3.3.3[0m
2024.06.12 03:08:25 INFO  no build target found for /home/surzh/airflow_pipeline/parse_zip/src/main/scala/Main.scala. Using presentation compiler with project's scala-library version: 3.3.3[0m
2024.06.12 03:20:03 INFO  no build target found for /home/surzh/airflow_pipeline/parse_zip/src/main/scala/Main.scala. Using presentation compiler with project's scala-library version: 3.3.3[0m
2024.06.12 03:20:03 INFO  no build target found for /home/surzh/airflow_pipeline/parse_zip/src/main/scala/Main.scala. Using presentation compiler with project's scala-library version: 3.3.3[0m
2024.06.12 03:20:04 INFO  no build target found for /home/surzh/airflow_pipeline/parse_zip/src/main/scala/Main.scala. Using presentation compiler with project's scala-library version: 3.3.3[0m
2024.06.12 03:20:06 INFO  no build target found for /home/surzh/airflow_pipeline/parse_zip/src/main/scala/Main.scala. Using presentation compiler with project's scala-library version: 3.3.3[0m
2024.06.12 03:20:10 INFO  no build target found for /home/surzh/airflow_pipeline/parse_zip/src/main/scala/Main.scala. Using presentation compiler with project's scala-library version: 3.3.3[0m
2024.06.12 03:20:14 INFO  no build target found for /home/surzh/airflow_pipeline/parse_zip/src/main/scala/Main.scala. Using presentation compiler with project's scala-library version: 3.3.3[0m
2024.06.12 03:25:38 INFO  no build target found for /home/surzh/airflow_pipeline/parse_zip/src/main/scala/Main.scala. Using presentation compiler with project's scala-library version: 3.3.3[0m
2024.06.12 03:25:38 WARN  no build target for: /home/surzh/airflow_pipeline/parse_zip/src/main/scala/Main.scala[0m
2024.06.12 03:25:38 INFO  no build target found for /home/surzh/airflow_pipeline/parse_zip/src/main/scala/Main.scala. Using presentation compiler with project's scala-library version: 3.3.3[0m
2024.06.12 03:25:39 INFO  no build target found for /home/surzh/airflow_pipeline/parse_zip/src/main/scala/Main.scala. Using presentation compiler with project's scala-library version: 3.3.3[0m
2024.06.12 03:25:38 INFO  no build target found for /home/surzh/airflow_pipeline/parse_zip/src/main/scala/Main.scala. Using presentation compiler with project's scala-library version: 3.3.3[0m
2024.06.12 03:25:39 WARN  no build target for: /home/surzh/airflow_pipeline/parse_zip/src/main/scala/Main.scala[0m
2024.06.13 02:24:31 INFO  Started: Metals version 1.3.1 in folders '/home/surzh/airflow_pipeline' for client Visual Studio Code 1.90.0.[0m
SLF4J(W): Class path contains multiple SLF4J providers.
SLF4J(W): Found provider [scribe.slf4j.ScribeServiceProvider@2e16f7e8]
SLF4J(W): Found provider [ch.qos.logback.classic.spi.LogbackServiceProvider@5e28fdd4]
SLF4J(W): See https://www.slf4j.org/codes.html#multiple_bindings for an explanation.
SLF4J(I): Actual provider is of type [scribe.slf4j.ScribeServiceProvider@2e16f7e8]
2024.06.13 02:24:31 WARN  Flyway upgrade recommended: H2 2.2.224 is newer than this version of Flyway and support has not been tested. The latest supported version of H2 is 2.2.220.[0m
2024.06.13 02:24:32 INFO  Attempting to connect to the build server...[0m
2024.06.13 02:24:33 INFO  no build target found for /home/surzh/airflow_pipeline/parse_zip/src/main/scala/Main.scala. Using presentation compiler with project's scala-library version: 3.3.3[0m
2024.06.13 02:24:37 INFO  tracing is disabled for protocol BSP, to enable tracing of incoming and outgoing JSON messages create an empty file at /home/surzh/airflow_pipeline/.metals/bsp.trace.json or /home/surzh/.cache/metals/bsp.trace.json[0m
2024.06.13 02:24:37 INFO  time: Connected to build server in 4.78s[0m
2024.06.13 02:24:37 INFO  Connected to Build server: Bloop v1.5.17[0m
2024.06.13 02:24:37 INFO  time: Imported build in 0.13s[0m
2024.06.13 02:24:39 INFO  time: indexed workspace in 1.6s[0m
2024.06.13 02:24:39 WARN  no build target for: /home/surzh/airflow_pipeline/parse_zip/src/main/scala/Main.scala[0m
2024.06.13 02:24:39 INFO  no build target found for /home/surzh/airflow_pipeline/parse_zip/src/main/scala/Main.scala. Using presentation compiler with project's scala-library version: 3.3.3[0m
2024.06.13 02:24:40 INFO  no build target found for /home/surzh/airflow_pipeline/parse_zip/src/main/scala/Main.scala. Using presentation compiler with project's scala-library version: 3.3.3[0m
Jun 13, 2024 2:26:22 AM org.eclipse.lsp4j.jsonrpc.services.GenericEndpoint notify
INFO: Unsupported notification method: $/setTrace
2024.06.13 02:28:14 INFO  no build target found for /home/surzh/airflow_pipeline/parse_zip/build.sbt. Using presentation compiler with project's scala-library version: 3.3.3[0m
2024.06.13 02:28:14 INFO  no build target found for /home/surzh/airflow_pipeline/parse_zip/build.sbt. Using presentation compiler with project's scala-library version: 3.3.3[0m
2024.06.13 02:28:14 WARN  Could not find semantic tokens for: file:///home/surzh/airflow_pipeline/parse_zip/build.sbt[0m
2024.06.13 02:28:21 INFO  no build target found for /home/surzh/airflow_pipeline/parse_zip/build.sbt. Using presentation compiler with project's scala-library version: 3.3.3[0m
2024.06.13 02:28:23 INFO  no build target found for /home/surzh/airflow_pipeline/parse_zip/src/main/scala/Main.scala. Using presentation compiler with project's scala-library version: 3.3.3[0m
2024.06.13 02:29:20 INFO  no build target found for /home/surzh/airflow_pipeline/parse_zip/src/main/scala/Main.scala. Using presentation compiler with project's scala-library version: 3.3.3[0m
